Feb-05 09:20:26.887 [main] DEBUG nextflow.cli.Launcher - $> nextflow run main.nf -profile docker,test -resume
Feb-05 09:20:26.985 [main] INFO  nextflow.cli.CmdRun - N E X T F L O W  ~  version 20.10.0
Feb-05 09:20:26.994 [main] INFO  nextflow.cli.CmdRun - Launching `main.nf` [astonishing_babbage] - revision: 8938f91501
Feb-05 09:20:27.014 [main] DEBUG nextflow.config.ConfigBuilder - Found config local: /home/veits/devel/Bioinformatics/ELIXIR_EDAM/IS_Benchmarking/MaxQuant/Nextflow/nextflow.config
Feb-05 09:20:27.015 [main] DEBUG nextflow.config.ConfigBuilder - Parsing config file: /home/veits/devel/Bioinformatics/ELIXIR_EDAM/IS_Benchmarking/MaxQuant/Nextflow/nextflow.config
Feb-05 09:20:27.031 [main] DEBUG nextflow.config.ConfigBuilder - Applying config profile: `docker,test`
Feb-05 09:20:27.756 [main] DEBUG nextflow.config.ConfigBuilder - Available config profiles: [debug, test, conda, awsbatch, singularity, docker]
Feb-05 09:20:27.799 [main] DEBUG nextflow.Session - Session uuid: 3c927f21-2fdc-4b11-9b1a-fd12ca42c554
Feb-05 09:20:27.799 [main] DEBUG nextflow.Session - Run name: astonishing_babbage
Feb-05 09:20:27.799 [main] DEBUG nextflow.Session - Executor pool size: 12
Feb-05 09:20:27.824 [main] DEBUG nextflow.cli.CmdRun - 
  Version: 20.10.0 build 5430
  Created: 01-11-2020 15:14 UTC (16:14 CEST)
  System: Linux 5.4.0-62-generic
  Runtime: Groovy 3.0.5 on OpenJDK 64-Bit Server VM 11.0.9.1+1-Ubuntu-0ubuntu1.20.04
  Encoding: UTF-8 (UTF-8)
  Process: 949018@adm-125488 [127.0.0.1]
  CPUs: 12 - Mem: 31.2 GB (2.6 GB) - Swap: 976 MB (129.7 MB)
Feb-05 09:20:27.854 [main] DEBUG nextflow.Session - Work-dir: /home/veits/devel/Bioinformatics/ELIXIR_EDAM/IS_Benchmarking/MaxQuant/Nextflow/work [ext2/ext3]
Feb-05 09:20:27.891 [main] DEBUG nextflow.Session - Observer factory: TowerFactory
Feb-05 09:20:27.892 [main] DEBUG nextflow.Session - Observer factory: DefaultObserverFactory
Feb-05 09:20:28.029 [main] DEBUG nextflow.Session - Session start invoked
Feb-05 09:20:28.376 [main] DEBUG nextflow.script.ScriptRunner - > Launching execution
Feb-05 09:20:28.383 [main] DEBUG nextflow.Session - Workflow process names [dsl1]: run_maxquant, run_normalyzerde, run_sdrf
Feb-05 09:20:28.385 [main] WARN  nextflow.script.ScriptBinding - Access to undefined parameter `match` -- Initialise it to a default value eg. `params.match = some_value`
Feb-05 09:20:28.390 [main] WARN  nextflow.Nextflow - No match choice. Make sure to choose and write '--match'
Feb-05 09:20:28.450 [main] WARN  nextflow.extension.IntoOp - The `into` operator should be used to connect two or more target channels -- consider to replace it with `.set { input_exp_design }`
Feb-05 09:20:28.497 [main] DEBUG nextflow.executor.ExecutorFactory - << taskConfig executor: null
Feb-05 09:20:28.497 [main] DEBUG nextflow.executor.ExecutorFactory - >> processorType: 'local'
Feb-05 09:20:28.501 [main] DEBUG nextflow.executor.Executor - [warm up] executor > local
Feb-05 09:20:28.505 [main] DEBUG n.processor.LocalPollingMonitor - Creating local task monitor for executor 'local' > cpus=12; memory=31.2 GB; capacity=12; pollInterval=100ms; dumpInterval=5m
Feb-05 09:20:28.582 [main] DEBUG nextflow.executor.ExecutorFactory - << taskConfig executor: null
Feb-05 09:20:28.582 [main] DEBUG nextflow.executor.ExecutorFactory - >> processorType: 'local'
Feb-05 09:20:28.588 [main] DEBUG nextflow.executor.ExecutorFactory - << taskConfig executor: null
Feb-05 09:20:28.589 [main] DEBUG nextflow.executor.ExecutorFactory - >> processorType: 'local'
Feb-05 09:20:28.595 [main] DEBUG nextflow.script.ScriptRunner - > Await termination 
Feb-05 09:20:28.595 [main] DEBUG nextflow.Session - Session await
Feb-05 09:20:28.732 [Actor Thread 3] INFO  nextflow.processor.TaskProcessor - [c7/2b0b2c] Cached process > run_sdrf (1)
Feb-05 09:20:28.762 [Actor Thread 5] INFO  nextflow.processor.TaskProcessor - [33/fc8ecb] Cached process > run_maxquant (1)
Feb-05 09:20:28.816 [Task submitter] DEBUG nextflow.executor.LocalTaskHandler - Launch cmd line: /bin/bash -ue .command.run
Feb-05 09:20:28.819 [Task submitter] INFO  nextflow.Session - [13/825c7f] Submitted process > run_normalyzerde (1)
Feb-05 09:20:36.831 [Task monitor] DEBUG n.processor.TaskPollingMonitor - Task completed > TaskHandler[id: 3; name: run_normalyzerde (1); status: COMPLETED; exit: 1; error: -; workDir: /home/veits/devel/Bioinformatics/ELIXIR_EDAM/IS_Benchmarking/MaxQuant/Nextflow/work/13/825c7f35f32d042a13284deb3d2572]
Feb-05 09:20:36.850 [Task monitor] ERROR nextflow.processor.TaskProcessor - Error executing process > 'run_normalyzerde (1)'

Caused by:
  Process `run_normalyzerde (1)` terminated with an error exit status (1)

Command executed:

  cp "exp_design.tsv" exp_file.tsv
  cp "ABRF_test.txt" exp_file2.tsv 
  cp "proteinGroups.txt" protein_file.txt
  Rscript /home/veits/devel/Bioinformatics/ELIXIR_EDAM/IS_Benchmarking/MaxQuant/Nextflow/runNormalyzer.R

Command exit status:
  1

Command output:
  (empty)

Command error:
  WARNING: Your kernel does not support swap limit capabilities or the cgroup is not mounted. Memory limited without swap.
  code for methods in class “Rcpp_SpExtent” was not checked for suspicious field assignments (recommended package ‘codetools’ not available?)
  code for methods in class “Rcpp_SpExtent” was not checked for suspicious field assignments (recommended package ‘codetools’ not available?)
  code for methods in class “Rcpp_SpPoly” was not checked for suspicious field assignments (recommended package ‘codetools’ not available?)
  code for methods in class “Rcpp_SpPoly” was not checked for suspicious field assignments (recommended package ‘codetools’ not available?)
  code for methods in class “Rcpp_SpPolyPart” was not checked for suspicious field assignments (recommended package ‘codetools’ not available?)
  code for methods in class “Rcpp_SpPolyPart” was not checked for suspicious field assignments (recommended package ‘codetools’ not available?)
  code for methods in class “Rcpp_SpPolygons” was not checked for suspicious field assignments (recommended package ‘codetools’ not available?)
  code for methods in class “Rcpp_SpPolygons” was not checked for suspicious field assignments (recommended package ‘codetools’ not available?)
  You are running version 1.8.0 of NormalyzerDE
  [Step 1/5] Load data and verify input
  40 fields with '0' were replaced by 'NA'
  7 entries with only NA values omitted
  Input data checked. All fields are valid.
  Sample check: More than one sample group found
  No RT column found, skipping RT processing
  
  Non replicated samples in dataset: 1 2 performing limited single-replicate run
  
  [Step 1/5] Input verified, job directory prepared at:.//Project
  [Step 2/5] Performing normalizations
  [Step 2/5] Done!
  [Step 3/5] Generating evaluation measures...
  [Step 3/5] Done!
  [Step 4/5] Writing matrices to file
  [Step 4/5] Matrices successfully written
  [Step 5/5] Generating plots...
  Error in stats::cmdscale(d, eig = TRUE, k = 2) : 
    'k' must be in {1, 2, ..  n - 1}
  Calls: <Anonymous> ... generatePlots -> plotSampleOutlierSummary -> <Anonymous>
  In addition: Warning messages:
  1: In validateSampleReplication(lowCountSampleFiltered, groups, requireReplicates = requireReplicates,  :
    Following group conditions does not have replicates:
  test1 test2
  By default this is not allowed.
  You can force limited processing of non-replicated data by
  setting the "requireReplicates" option to FALSE
  2: In performNormalizations(nr, forceAll = forceAll, rtNorm = normalizeRetentionTime,  :
    Number of features in data matrix is smaller than minimum normalization window (set by option 'rtWindowMinCount') for RT normalization - skipping RT normalizations.
  
  Execution halted

Work dir:
  /home/veits/devel/Bioinformatics/ELIXIR_EDAM/IS_Benchmarking/MaxQuant/Nextflow/work/13/825c7f35f32d042a13284deb3d2572

Tip: when you have fixed the problem you can continue the execution adding the option `-resume` to the run command line
Feb-05 09:20:36.855 [main] DEBUG nextflow.Session - Session await > all process finished
Feb-05 09:20:36.858 [Task monitor] INFO  nextflow.Session - Execution cancelled -- Finishing pending tasks before exit
Feb-05 09:20:36.869 [main] DEBUG nextflow.Session - Session await > all barriers passed
Feb-05 09:20:36.870 [main] INFO  nextflow.Nextflow - Oops .. something went wrong
Feb-05 09:20:36.875 [main] DEBUG nextflow.trace.WorkflowStatsObserver - Workflow completed > WorkflowStats[succeededCount=0; failedCount=1; ignoredCount=0; cachedCount=2; pendingCount=0; submittedCount=0; runningCount=0; retriesCount=0; abortedCount=0; succeedDuration=0ms; failedDuration=15.8s; cachedDuration=1h 36m 34s;loadCpus=0; loadMemory=0; peakRunning=1; peakCpus=2; peakMemory=16 GB; ]
Feb-05 09:20:37.064 [main] DEBUG nextflow.CacheDB - Closing CacheDB done
Feb-05 09:20:37.066 [main] DEBUG nextflow.util.SpuriousDeps - AWS S3 uploader shutdown
Feb-05 09:20:37.077 [main] DEBUG nextflow.script.ScriptRunner - > Execution complete -- Goodbye
